<?xml version="1.0" encoding="UTF-8"?>
<!-- Generated by org.testng.reporters.JUnitReportReporter -->
<testsuite skipped="0" hostname="Chetuiwk1317" name="notepad.NotepadExample" tests="1" failures="0" timestamp="29 Jul 2017 15:21:14 GMT" time="18.023" errors="0">
  <testcase name="openNotepad" time="18.023" classname="notepad.NotepadExample"/>
</testsuite> <!-- notepad.NotepadExample -->
